# JRE version: OpenJDK Runtime Environment (8.0_76-b03) (build 1.8.0_76-release-b03)
# Java VM: OpenJDK 64-Bit Server VM (25.76-b03 mixed mode windows-amd64 compressed oops)
Heap:
 PSYoungGen      total 177152K, used 134128K [0x00000000e0000000, 0x00000000ecc80000, 0x0000000100000000)
  eden space 151552K, 82% used [0x00000000e0000000,0x00000000e7a00240,0x00000000e9400000)
  from space 25600K, 35% used [0x00000000e9400000,0x00000000e9cfc010,0x00000000ead00000)
  to   space 24576K, 0% used [0x00000000eb480000,0x00000000eb480000,0x00000000ecc80000)
 ParOldGen       total 103424K, used 43740K [0x00000000a0000000, 0x00000000a6500000, 0x00000000e0000000)
  object space 103424K, 42% used [0x00000000a0000000,0x00000000a2ab71d8,0x00000000a6500000)
 Metaspace       used 74327K, capacity 77404K, committed 78640K, reserved 1118208K
  class space    used 9783K, capacity 10438K, committed 10800K, reserved 1048576K
GC Heap History (10 events):
Event: 46.277 GC heap before
{Heap before GC invocations=19 (full 3):
 PSYoungGen      total 159744K, used 156052K [0x00000000e0000000, 0x00000000ec700000, 0x0000000100000000)
  eden space 139264K, 100% used [0x00000000e0000000,0x00000000e8800000,0x00000000e8800000)
  from space 20480K, 81% used [0x00000000e8800000,0x00000000e9865260,0x00000000e9c00000)
  to   space 22016K, 0% used [0x00000000eb180000,0x00000000eb180000,0x00000000ec700000)
 ParOldGen       total 103424K, used 42826K [0x00000000a0000000, 0x00000000a6500000, 0x00000000e0000000)
  object space 103424K, 41% used [0x00000000a0000000,0x00000000a29d2be0,0x00000000a6500000)
 Metaspace       used 67457K, capacity 70176K, committed 70448K, reserved 1110016K
  class space    used 9101K, capacity 9763K, committed 9776K, reserved 1048576K
Event: 46.297 GC heap after
Heap after GC invocations=19 (full 3):
 PSYoungGen      total 179200K, used 16120K [0x00000000e0000000, 0x00000000ec780000, 0x0000000100000000)
  eden space 157184K, 0% used [0x00000000e0000000,0x00000000e0000000,0x00000000e9980000)
  from space 22016K, 73% used [0x00000000eb180000,0x00000000ec13e0c8,0x00000000ec700000)
  to   space 23552K, 0% used [0x00000000e9980000,0x00000000e9980000,0x00000000eb080000)
 ParOldGen       total 103424K, used 42834K [0x00000000a0000000, 0x00000000a6500000, 0x00000000e0000000)
  object space 103424K, 41% used [0x00000000a0000000,0x00000000a29d4be0,0x00000000a6500000)
 Metaspace       used 67457K, capacity 70176K, committed 70448K, reserved 1110016K
  class space    used 9101K, capacity 9763K, committed 9776K, reserved 1048576K
}
Event: 6500.989 GC heap before
{Heap before GC invocations=20 (full 3):
 PSYoungGen      total 179200K, used 173304K [0x00000000e0000000, 0x00000000ec780000, 0x0000000100000000)
  eden space 157184K, 100% used [0x00000000e0000000,0x00000000e9980000,0x00000000e9980000)
  from space 22016K, 73% used [0x00000000eb180000,0x00000000ec13e0c8,0x00000000ec700000)
  to   space 23552K, 0% used [0x00000000e9980000,0x00000000e9980000,0x00000000eb080000)
 ParOldGen       total 103424K, used 42834K [0x00000000a0000000, 0x00000000a6500000, 0x00000000e0000000)
  object space 103424K, 41% used [0x00000000a0000000,0x00000000a29d4be0,0x00000000a6500000)
 Metaspace       used 73032K, capacity 75992K, committed 76208K, reserved 1116160K
  class space    used 9729K, capacity 10389K, committed 10416K, reserved 1048576K
Event: 6501.073 GC heap after
Heap after GC invocations=20 (full 3):
 PSYoungGen      total 170496K, used 17950K [0x00000000e0000000, 0x00000000ec580000, 0x0000000100000000)
  eden space 152064K, 0% used [0x00000000e0000000,0x00000000e0000000,0x00000000e9480000)
  from space 18432K, 97% used [0x00000000e9980000,0x00000000eab078f8,0x00000000eab80000)
  to   space 25088K, 0% used [0x00000000ead00000,0x00000000ead00000,0x00000000ec580000)
 ParOldGen       total 103424K, used 42842K [0x00000000a0000000, 0x00000000a6500000, 0x00000000e0000000)
  object space 103424K, 41% used [0x00000000a0000000,0x00000000a29d6be0,0x00000000a6500000)
 Metaspace       used 73032K, capacity 75992K, committed 76208K, reserved 1116160K
  class space    used 9729K, capacity 10389K, committed 10416K, reserved 1048576K
}
Event: 6503.037 GC heap before
{Heap before GC invocations=21 (full 3):
 PSYoungGen      total 170496K, used 90386K [0x00000000e0000000, 0x00000000ec580000, 0x0000000100000000)
  eden space 152064K, 47% used [0x00000000e0000000,0x00000000e46bcf70,0x00000000e9480000)
  from space 18432K, 97% used [0x00000000e9980000,0x00000000eab078f8,0x00000000eab80000)
  to   space 25088K, 0% used [0x00000000ead00000,0x00000000ead00000,0x00000000ec580000)
 ParOldGen       total 103424K, used 42842K [0x00000000a0000000, 0x00000000a6500000, 0x00000000e0000000)
  object space 103424K, 41% used [0x00000000a0000000,0x00000000a29d6be0,0x00000000a6500000)
 Metaspace       used 74757K, capacity 78238K, committed 78384K, reserved 1116160K
  class space    used 9973K, capacity 10745K, committed 10800K, reserved 1048576K
Event: 6503.071 GC heap after
Heap after GC invocations=21 (full 3):
 PSYoungGen      total 176640K, used 16827K [0x00000000e0000000, 0x00000000ec680000, 0x0000000100000000)
  eden space 151552K, 0% used [0x00000000e0000000,0x00000000e0000000,0x00000000e9400000)
  from space 25088K, 67% used [0x00000000ead00000,0x00000000ebd6ed88,0x00000000ec580000)
  to   space 25600K, 0% used [0x00000000e9400000,0x00000000e9400000,0x00000000ead00000)
 ParOldGen       total 103424K, used 42850K [0x00000000a0000000, 0x00000000a6500000, 0x00000000e0000000)
  object space 103424K, 41% used [0x00000000a0000000,0x00000000a29d8be0,0x00000000a6500000)
 Metaspace       used 74757K, capacity 78238K, committed 78384K, reserved 1116160K
  class space    used 9973K, capacity 10745K, committed 10800K, reserved 1048576K
}
Event: 6503.072 GC heap before
{Heap before GC invocations=22 (full 4):
 PSYoungGen      total 176640K, used 16827K [0x00000000e0000000, 0x00000000ec680000, 0x0000000100000000)
  eden space 151552K, 0% used [0x00000000e0000000,0x00000000e0000000,0x00000000e9400000)
  from space 25088K, 67% used [0x00000000ead00000,0x00000000ebd6ed88,0x00000000ec580000)
  to   space 25600K, 0% used [0x00000000e9400000,0x00000000e9400000,0x00000000ead00000)
 ParOldGen       total 103424K, used 42850K [0x00000000a0000000, 0x00000000a6500000, 0x00000000e0000000)
  object space 103424K, 41% used [0x00000000a0000000,0x00000000a29d8be0,0x00000000a6500000)
 Metaspace       used 74757K, capacity 78238K, committed 78384K, reserved 1116160K
  class space    used 9973K, capacity 10745K, committed 10800K, reserved 1048576K
Event: 6503.612 GC heap after
Heap after GC invocations=22 (full 4):
 PSYoungGen      total 176640K, used 0K [0x00000000e0000000, 0x00000000ec680000, 0x0000000100000000)
  eden space 151552K, 0% used [0x00000000e0000000,0x00000000e0000000,0x00000000e9400000)
  from space 25088K, 0% used [0x00000000ead00000,0x00000000ead00000,0x00000000ec580000)
  to   space 25600K, 0% used [0x00000000e9400000,0x00000000e9400000,0x00000000ead00000)
 ParOldGen       total 103424K, used 43732K [0x00000000a0000000, 0x00000000a6500000, 0x00000000e0000000)
  object space 103424K, 42% used [0x00000000a0000000,0x00000000a2ab51d8,0x00000000a6500000)
 Metaspace       used 73355K, capacity 76128K, committed 78384K, reserved 1116160K
  class space    used 9727K, capacity 10352K, committed 10800K, reserved 1048576K
}
Event: 6512.292 GC heap before
{Heap before GC invocations=23 (full 4):
 PSYoungGen      total 176640K, used 151552K [0x00000000e0000000, 0x00000000ec680000, 0x0000000100000000)
  eden space 151552K, 100% used [0x00000000e0000000,0x00000000e9400000,0x00000000e9400000)
  from space 25088K, 0% used [0x00000000ead00000,0x00000000ead00000,0x00000000ec580000)
  to   space 25600K, 0% used [0x00000000e9400000,0x00000000e9400000,0x00000000ead00000)
 ParOldGen       total 103424K, used 43732K [0x00000000a0000000, 0x00000000a6500000, 0x00000000e0000000)
  object space 103424K, 42% used [0x00000000a0000000,0x00000000a2ab51d8,0x00000000a6500000)
 Metaspace       used 74065K, capacity 77110K, committed 78384K, reserved 1116160K
  class space    used 9779K, capacity 10433K, committed 10800K, reserved 1048576K
Event: 6512.311 GC heap after
Heap after GC invocations=23 (full 4):
 PSYoungGen      total 177152K, used 9200K [0x00000000e0000000, 0x00000000ecc80000, 0x0000000100000000)
  eden space 151552K, 0% used [0x00000000e0000000,0x00000000e0000000,0x00000000e9400000)
  from space 25600K, 35% used [0x00000000e9400000,0x00000000e9cfc010,0x00000000ead00000)
  to   space 24576K, 0% used [0x00000000eb480000,0x00000000eb480000,0x00000000ecc80000)
 ParOldGen       total 103424K, used 43740K [0x00000000a0000000, 0x00000000a6500000, 0x00000000e0000000)
  object space 103424K, 42% used [0x00000000a0000000,0x00000000a2ab71d8,0x00000000a6500000)
 Metaspace       used 74065K, capacity 77110K, committed 78384K, reserved 1116160K
  class space    used 9779K, capacity 10433K, committed 10800K, reserved 1048576K
}

